mode: set
github.com/goapt/golib/mathutil/math.go:4.31,5.12 1 0
github.com/goapt/golib/mathutil/math.go:5.12,7.3 1 0
github.com/goapt/golib/mathutil/math.go:7.8,8.15 1 0
github.com/goapt/golib/mathutil/math.go:8.15,11.4 2 0
github.com/goapt/golib/mathutil/math.go:11.9,13.4 1 0
github.com/goapt/golib/mathutil/math.go:17.24,18.11 1 1
github.com/goapt/golib/mathutil/math.go:21.2,21.15 1 1
github.com/goapt/golib/mathutil/math.go:18.11,20.3 1 1
github.com/goapt/golib/mathutil/math.go:24.31,25.11 1 1
github.com/goapt/golib/mathutil/math.go:25.11,27.3 1 0
github.com/goapt/golib/mathutil/math.go:27.8,29.3 1 1
github.com/goapt/golib/mathutil/math.go:32.31,33.11 1 1
github.com/goapt/golib/mathutil/math.go:33.11,35.3 1 0
github.com/goapt/golib/mathutil/math.go:35.8,37.3 1 1
github.com/goapt/golib/mathutil/math.go:40.39,41.11 1 0
github.com/goapt/golib/mathutil/math.go:41.11,43.3 1 0
github.com/goapt/golib/mathutil/math.go:43.8,45.3 1 0
github.com/goapt/golib/mathutil/math.go:48.39,49.11 1 0
github.com/goapt/golib/mathutil/math.go:49.11,51.3 1 0
github.com/goapt/golib/mathutil/math.go:51.8,53.3 1 0
github.com/goapt/golib/cryptoutil/aes.go:9.55,11.16 2 1
github.com/goapt/golib/cryptoutil/aes.go:14.2,19.21 6 1
github.com/goapt/golib/cryptoutil/aes.go:11.16,13.3 1 0
github.com/goapt/golib/cryptoutil/aes.go:23.54,25.16 2 1
github.com/goapt/golib/cryptoutil/aes.go:28.2,32.32 5 1
github.com/goapt/golib/cryptoutil/aes.go:25.16,27.3 1 0
github.com/goapt/golib/cryptoutil/common.go:9.53,13.2 3 1
github.com/goapt/golib/cryptoutil/common.go:16.49,19.22 3 1
github.com/goapt/golib/cryptoutil/common.go:22.2,22.39 1 1
github.com/goapt/golib/cryptoutil/common.go:19.22,21.3 1 0
github.com/goapt/golib/cryptoutil/common.go:26.56,27.17 1 1
github.com/goapt/golib/cryptoutil/common.go:38.2,38.18 1 1
github.com/goapt/golib/cryptoutil/common.go:28.17,29.23 1 1
github.com/goapt/golib/cryptoutil/common.go:32.20,33.35 1 1
github.com/goapt/golib/cryptoutil/common.go:34.10,35.47 1 0
github.com/goapt/golib/cryptoutil/common.go:29.23,31.4 1 0
github.com/goapt/golib/cryptoutil/common.go:42.58,43.17 1 1
github.com/goapt/golib/cryptoutil/common.go:53.2,53.18 1 1
github.com/goapt/golib/cryptoutil/common.go:44.17,45.23 1 1
github.com/goapt/golib/cryptoutil/common.go:48.20,49.29 1 1
github.com/goapt/golib/cryptoutil/common.go:50.10,51.47 1 0
github.com/goapt/golib/cryptoutil/common.go:45.23,47.4 1 0
github.com/goapt/golib/cryptoutil/des.go:15.79,17.16 2 1
github.com/goapt/golib/cryptoutil/des.go:21.2,24.16 3 1
github.com/goapt/golib/cryptoutil/des.go:28.2,29.57 2 1
github.com/goapt/golib/cryptoutil/des.go:33.2,33.24 1 1
github.com/goapt/golib/cryptoutil/des.go:17.16,19.3 1 0
github.com/goapt/golib/cryptoutil/des.go:24.16,26.3 1 0
github.com/goapt/golib/cryptoutil/des.go:29.57,32.3 2 1
github.com/goapt/golib/cryptoutil/des.go:37.80,40.16 3 1
github.com/goapt/golib/cryptoutil/des.go:44.2,45.57 2 1
github.com/goapt/golib/cryptoutil/des.go:50.2,51.16 2 1
github.com/goapt/golib/cryptoutil/des.go:54.2,54.23 1 1
github.com/goapt/golib/cryptoutil/des.go:40.16,42.3 1 0
github.com/goapt/golib/cryptoutil/des.go:45.57,48.3 2 1
github.com/goapt/golib/cryptoutil/des.go:51.16,53.3 1 0
github.com/goapt/golib/cryptoutil/des.go:58.85,59.38 1 1
github.com/goapt/golib/cryptoutil/des.go:63.2,64.16 2 1
github.com/goapt/golib/cryptoutil/des.go:68.2,69.20 2 1
github.com/goapt/golib/cryptoutil/des.go:76.2,77.16 2 1
github.com/goapt/golib/cryptoutil/des.go:81.2,83.57 3 1
github.com/goapt/golib/cryptoutil/des.go:87.2,87.24 1 1
github.com/goapt/golib/cryptoutil/des.go:59.38,61.3 1 0
github.com/goapt/golib/cryptoutil/des.go:64.16,66.3 1 0
github.com/goapt/golib/cryptoutil/des.go:69.20,72.3 2 1
github.com/goapt/golib/cryptoutil/des.go:72.8,74.3 1 1
github.com/goapt/golib/cryptoutil/des.go:77.16,79.3 1 0
github.com/goapt/golib/cryptoutil/des.go:83.57,86.3 2 1
github.com/goapt/golib/cryptoutil/des.go:91.86,92.38 1 1
github.com/goapt/golib/cryptoutil/des.go:96.2,97.20 2 1
github.com/goapt/golib/cryptoutil/des.go:104.2,105.16 2 1
github.com/goapt/golib/cryptoutil/des.go:109.2,111.57 3 1
github.com/goapt/golib/cryptoutil/des.go:116.2,117.16 2 1
github.com/goapt/golib/cryptoutil/des.go:120.2,120.23 1 1
github.com/goapt/golib/cryptoutil/des.go:92.38,94.3 1 0
github.com/goapt/golib/cryptoutil/des.go:97.20,100.3 2 1
github.com/goapt/golib/cryptoutil/des.go:100.8,102.3 1 1
github.com/goapt/golib/cryptoutil/des.go:105.16,107.3 1 0
github.com/goapt/golib/cryptoutil/des.go:111.57,114.3 2 1
github.com/goapt/golib/cryptoutil/des.go:117.16,119.3 1 0
github.com/goapt/golib/cryptoutil/des.go:124.90,126.16 2 1
github.com/goapt/golib/cryptoutil/des.go:130.2,130.34 1 1
github.com/goapt/golib/cryptoutil/des.go:134.2,135.16 2 1
github.com/goapt/golib/cryptoutil/des.go:138.2,143.24 4 1
github.com/goapt/golib/cryptoutil/des.go:126.16,128.3 1 0
github.com/goapt/golib/cryptoutil/des.go:130.34,132.3 1 0
github.com/goapt/golib/cryptoutil/des.go:135.16,137.3 1 0
github.com/goapt/golib/cryptoutil/des.go:147.91,149.16 2 1
github.com/goapt/golib/cryptoutil/des.go:153.2,153.34 1 1
github.com/goapt/golib/cryptoutil/des.go:157.2,162.16 5 1
github.com/goapt/golib/cryptoutil/des.go:166.2,166.23 1 1
github.com/goapt/golib/cryptoutil/des.go:149.16,151.3 1 0
github.com/goapt/golib/cryptoutil/des.go:153.34,155.3 1 0
github.com/goapt/golib/cryptoutil/des.go:162.16,164.3 1 0
github.com/goapt/golib/cryptoutil/des.go:170.96,171.38 1 1
github.com/goapt/golib/cryptoutil/des.go:175.2,176.20 2 1
github.com/goapt/golib/cryptoutil/des.go:183.2,184.16 2 1
github.com/goapt/golib/cryptoutil/des.go:188.2,188.34 1 1
github.com/goapt/golib/cryptoutil/des.go:192.2,193.16 2 1
github.com/goapt/golib/cryptoutil/des.go:197.2,201.24 4 1
github.com/goapt/golib/cryptoutil/des.go:171.38,173.3 1 0
github.com/goapt/golib/cryptoutil/des.go:176.20,179.3 2 1
github.com/goapt/golib/cryptoutil/des.go:179.8,181.3 1 1
github.com/goapt/golib/cryptoutil/des.go:184.16,186.3 1 0
github.com/goapt/golib/cryptoutil/des.go:188.34,190.3 1 0
github.com/goapt/golib/cryptoutil/des.go:193.16,195.3 1 0
github.com/goapt/golib/cryptoutil/des.go:205.97,206.38 1 1
github.com/goapt/golib/cryptoutil/des.go:210.2,211.20 2 1
github.com/goapt/golib/cryptoutil/des.go:218.2,219.16 2 1
github.com/goapt/golib/cryptoutil/des.go:223.2,223.34 1 1
github.com/goapt/golib/cryptoutil/des.go:227.2,232.16 5 1
github.com/goapt/golib/cryptoutil/des.go:236.2,236.23 1 1
github.com/goapt/golib/cryptoutil/des.go:206.38,208.3 1 0
github.com/goapt/golib/cryptoutil/des.go:211.20,214.3 2 1
github.com/goapt/golib/cryptoutil/des.go:214.8,216.3 1 1
github.com/goapt/golib/cryptoutil/des.go:219.16,221.3 1 0
github.com/goapt/golib/cryptoutil/des.go:223.34,225.3 1 0
github.com/goapt/golib/cryptoutil/des.go:232.16,234.3 1 0
github.com/goapt/golib/hashing/rsa.go:13.57,15.16 2 1
github.com/goapt/golib/hashing/rsa.go:19.2,20.62 2 1
github.com/goapt/golib/hashing/rsa.go:15.16,17.3 1 0
github.com/goapt/golib/hashing/rsa.go:23.73,27.16 3 1
github.com/goapt/golib/hashing/rsa.go:31.2,32.33 2 1
github.com/goapt/golib/hashing/rsa.go:27.16,29.3 1 0
github.com/goapt/golib/hashing/rsa.go:35.79,41.16 5 1
github.com/goapt/golib/hashing/rsa.go:45.2,47.16 2 1
github.com/goapt/golib/hashing/rsa.go:50.2,50.51 1 1
github.com/goapt/golib/hashing/rsa.go:41.16,43.3 1 0
github.com/goapt/golib/hashing/rsa.go:47.16,49.3 1 0
github.com/goapt/golib/hashing/rsa.go:53.83,61.16 6 1
github.com/goapt/golib/hashing/rsa.go:65.2,66.16 2 1
github.com/goapt/golib/hashing/rsa.go:69.2,69.12 1 1
github.com/goapt/golib/hashing/rsa.go:61.16,63.3 1 0
github.com/goapt/golib/hashing/rsa.go:66.16,68.3 1 0
github.com/goapt/golib/hashing/rsa.go:72.63,74.18 2 1
github.com/goapt/golib/hashing/rsa.go:78.2,80.16 3 1
github.com/goapt/golib/hashing/rsa.go:83.2,83.50 1 1
github.com/goapt/golib/hashing/rsa.go:87.2,87.43 1 0
github.com/goapt/golib/hashing/rsa.go:74.18,76.3 1 0
github.com/goapt/golib/hashing/rsa.go:80.16,82.3 1 0
github.com/goapt/golib/hashing/rsa.go:83.50,85.3 1 1
github.com/goapt/golib/hashing/rsa.go:90.66,92.18 2 1
github.com/goapt/golib/hashing/rsa.go:95.2,95.20 1 1
github.com/goapt/golib/hashing/rsa.go:92.18,94.3 1 0
github.com/goapt/golib/hashing/rsa.go:96.40,98.17 2 1
github.com/goapt/golib/hashing/rsa.go:101.3,101.28 1 1
github.com/goapt/golib/hashing/rsa.go:102.10,103.45 1 0
github.com/goapt/golib/hashing/rsa.go:98.17,100.4 1 0
github.com/goapt/golib/hashing/hashing.go:18.34,19.14 1 1
github.com/goapt/golib/hashing/hashing.go:22.2,24.19 3 1
github.com/goapt/golib/hashing/hashing.go:27.2,28.25 2 1
github.com/goapt/golib/hashing/hashing.go:39.2,39.21 1 1
github.com/goapt/golib/hashing/hashing.go:19.14,21.3 1 0
github.com/goapt/golib/hashing/hashing.go:24.19,26.3 1 1
github.com/goapt/golib/hashing/hashing.go:28.25,31.24 3 1
github.com/goapt/golib/hashing/hashing.go:31.24,32.21 1 1
github.com/goapt/golib/hashing/hashing.go:35.4,36.22 2 1
github.com/goapt/golib/hashing/hashing.go:32.21,34.5 1 1
github.com/goapt/golib/hashing/hashing.go:42.74,44.19 2 1
github.com/goapt/golib/hashing/hashing.go:48.2,48.29 1 1
github.com/goapt/golib/hashing/hashing.go:54.2,56.18 2 1
github.com/goapt/golib/hashing/hashing.go:44.19,46.3 1 0
github.com/goapt/golib/hashing/hashing.go:48.29,49.45 1 1
github.com/goapt/golib/hashing/hashing.go:49.45,51.4 1 1
github.com/goapt/golib/hashing/hashing.go:57.14,58.19 1 0
github.com/goapt/golib/hashing/hashing.go:59.16,60.21 1 0
github.com/goapt/golib/hashing/hashing.go:61.16,62.21 1 0
github.com/goapt/golib/hashing/hashing.go:63.10,64.18 1 1
github.com/goapt/golib/hashing/hashing.go:68.30,71.2 2 1
github.com/goapt/golib/hashing/hashing.go:73.37,77.16 4 0
github.com/goapt/golib/hashing/hashing.go:80.2,80.42 1 0
github.com/goapt/golib/hashing/hashing.go:77.16,79.3 1 0
github.com/goapt/golib/hashing/hashing.go:84.31,87.2 2 1
github.com/goapt/golib/hashing/hashing.go:90.33,93.2 2 1
github.com/goapt/golib/hashing/hashing.go:96.33,99.2 2 1
github.com/goapt/golib/hashing/hashing.go:101.60,104.2 2 1
github.com/goapt/golib/collection/map.go:7.36,9.25 2 1
github.com/goapt/golib/collection/map.go:12.2,12.11 1 1
github.com/goapt/golib/collection/map.go:9.25,11.3 1 1
github.com/goapt/golib/collection/map.go:15.57,17.25 2 1
github.com/goapt/golib/collection/map.go:20.2,20.10 1 1
github.com/goapt/golib/collection/map.go:17.25,19.3 1 1
github.com/goapt/golib/collection/map.go:26.92,28.28 2 1
github.com/goapt/golib/collection/map.go:40.2,40.11 1 1
github.com/goapt/golib/collection/map.go:28.28,29.21 1 1
github.com/goapt/golib/collection/map.go:29.21,31.4 1 1
github.com/goapt/golib/collection/map.go:31.9,33.29 2 0
github.com/goapt/golib/collection/map.go:36.4,36.32 1 0
github.com/goapt/golib/collection/map.go:33.29,35.5 1 0
github.com/goapt/golib/collection/map.go:44.79,46.28 2 0
github.com/goapt/golib/collection/map.go:49.2,49.11 1 0
github.com/goapt/golib/collection/map.go:46.28,48.3 1 0
github.com/goapt/golib/collection/map.go:58.51,63.22 2 0
github.com/goapt/golib/collection/map.go:67.2,67.11 1 0
github.com/goapt/golib/collection/map.go:63.22,66.3 2 0
github.com/goapt/golib/collection/map.go:70.29,72.2 1 0
github.com/goapt/golib/collection/map.go:74.42,74.65 1 0
github.com/goapt/golib/collection/map.go:75.42,75.76 1 0
github.com/goapt/golib/collection/map.go:76.37,79.2 2 0
github.com/goapt/golib/collection/slice.go:3.40,5.22 2 1
github.com/goapt/golib/collection/slice.go:8.2,9.22 2 1
github.com/goapt/golib/collection/slice.go:14.2,14.11 1 1
github.com/goapt/golib/collection/slice.go:5.22,7.3 1 1
github.com/goapt/golib/collection/slice.go:9.22,10.26 1 1
github.com/goapt/golib/collection/slice.go:10.26,12.4 1 1
github.com/goapt/golib/collection/in.go:3.44,4.24 1 1
github.com/goapt/golib/collection/in.go:9.2,9.14 1 1
github.com/goapt/golib/collection/in.go:4.24,5.16 1 1
github.com/goapt/golib/collection/in.go:5.16,7.4 1 1
github.com/goapt/golib/collection/in.go:12.38,13.24 1 1
github.com/goapt/golib/collection/in.go:18.2,18.14 1 1
github.com/goapt/golib/collection/in.go:13.24,14.16 1 1
github.com/goapt/golib/collection/in.go:14.16,16.4 1 1
github.com/goapt/golib/collection/in.go:22.47,23.21 1 1
github.com/goapt/golib/collection/in.go:45.2,45.14 1 1
github.com/goapt/golib/collection/in.go:24.11,25.38 1 1
github.com/goapt/golib/collection/in.go:30.13,31.40 1 1
github.com/goapt/golib/collection/in.go:36.14,37.41 1 1
github.com/goapt/golib/collection/in.go:42.10,43.15 1 0
github.com/goapt/golib/collection/in.go:25.38,26.17 1 1
github.com/goapt/golib/collection/in.go:26.17,28.5 1 1
github.com/goapt/golib/collection/in.go:31.40,32.17 1 1
github.com/goapt/golib/collection/in.go:32.17,34.5 1 1
github.com/goapt/golib/collection/in.go:37.41,38.17 1 1
github.com/goapt/golib/collection/in.go:38.17,40.5 1 1
github.com/goapt/golib/color/color.go:11.76,13.31 2 1
github.com/goapt/golib/color/color.go:17.2,17.17 1 1
github.com/goapt/golib/color/color.go:22.2,24.8 3 1
github.com/goapt/golib/color/color.go:13.31,15.3 1 1
github.com/goapt/golib/color/color.go:17.17,19.3 1 1
github.com/goapt/golib/color/color.go:19.8,21.3 1 0
github.com/goapt/golib/color/color.go:27.51,29.2 1 1
github.com/goapt/golib/color/color.go:31.50,33.2 1 1
github.com/goapt/golib/color/color.go:35.52,37.2 1 0
github.com/goapt/golib/color/color.go:39.53,41.2 1 0
github.com/goapt/golib/color/color.go:43.54,45.2 1 0
github.com/goapt/golib/color/color.go:47.51,49.2 1 0
github.com/goapt/golib/color/color.go:51.68,52.17 1 1
github.com/goapt/golib/color/color.go:56.2,56.61 1 1
github.com/goapt/golib/color/color.go:52.17,54.3 1 1
github.com/goapt/golib/filesystem/file.go:12.35,15.2 2 1
github.com/goapt/golib/filesystem/file.go:18.30,20.16 2 1
github.com/goapt/golib/filesystem/file.go:24.2,24.20 1 1
github.com/goapt/golib/filesystem/file.go:20.16,22.3 1 0
github.com/goapt/golib/filesystem/file.go:27.52,29.16 2 1
github.com/goapt/golib/filesystem/file.go:33.2,35.12 2 1
github.com/goapt/golib/filesystem/file.go:50.2,50.16 1 1
github.com/goapt/golib/filesystem/file.go:29.16,31.3 1 0
github.com/goapt/golib/filesystem/file.go:35.12,39.7 3 1
github.com/goapt/golib/filesystem/file.go:39.7,41.19 2 1
github.com/goapt/golib/filesystem/file.go:46.4,46.11 1 1
github.com/goapt/golib/filesystem/file.go:41.19,43.10 2 1
github.com/goapt/golib/filesystem/file.go:53.54,55.48 2 0
github.com/goapt/golib/filesystem/file.go:62.2,63.16 2 0
github.com/goapt/golib/filesystem/file.go:66.2,67.40 2 0
github.com/goapt/golib/filesystem/file.go:70.2,70.12 1 0
github.com/goapt/golib/filesystem/file.go:55.48,57.17 2 0
github.com/goapt/golib/filesystem/file.go:57.17,59.4 1 0
github.com/goapt/golib/filesystem/file.go:63.16,65.3 1 0
github.com/goapt/golib/filesystem/file.go:67.40,69.3 1 0
github.com/goapt/golib/filesystem/file.go:78.44,80.16 2 0
github.com/goapt/golib/filesystem/file.go:83.2,86.16 3 0
github.com/goapt/golib/filesystem/file.go:89.2,89.15 1 0
github.com/goapt/golib/filesystem/file.go:95.2,96.16 2 0
github.com/goapt/golib/filesystem/file.go:100.2,101.16 2 0
github.com/goapt/golib/filesystem/file.go:105.2,106.16 2 0
github.com/goapt/golib/filesystem/file.go:109.2,110.16 2 0
github.com/goapt/golib/filesystem/file.go:114.2,114.8 1 0
github.com/goapt/golib/filesystem/file.go:80.16,82.3 1 0
github.com/goapt/golib/filesystem/file.go:86.16,88.3 1 0
github.com/goapt/golib/filesystem/file.go:89.15,90.33 1 0
github.com/goapt/golib/filesystem/file.go:90.33,92.4 1 0
github.com/goapt/golib/filesystem/file.go:96.16,98.3 1 0
github.com/goapt/golib/filesystem/file.go:101.16,103.3 1 0
github.com/goapt/golib/filesystem/file.go:106.16,108.3 1 0
github.com/goapt/golib/filesystem/file.go:110.16,112.3 1 0
github.com/goapt/golib/filesystem/file.go:120.50,125.16 4 0
github.com/goapt/golib/filesystem/file.go:128.2,128.17 1 0
github.com/goapt/golib/filesystem/file.go:132.2,133.39 2 0
github.com/goapt/golib/filesystem/file.go:136.2,136.16 1 0
github.com/goapt/golib/filesystem/file.go:140.2,141.16 2 0
github.com/goapt/golib/filesystem/file.go:145.2,146.16 2 0
github.com/goapt/golib/filesystem/file.go:150.2,150.32 1 0
github.com/goapt/golib/filesystem/file.go:172.2,172.8 1 0
github.com/goapt/golib/filesystem/file.go:125.16,127.3 1 0
github.com/goapt/golib/filesystem/file.go:128.17,130.3 1 0
github.com/goapt/golib/filesystem/file.go:133.39,135.3 1 0
github.com/goapt/golib/filesystem/file.go:136.16,138.3 1 0
github.com/goapt/golib/filesystem/file.go:141.16,143.3 1 0
github.com/goapt/golib/filesystem/file.go:146.16,148.3 1 0
github.com/goapt/golib/filesystem/file.go:150.32,154.20 3 0
github.com/goapt/golib/filesystem/file.go:154.20,156.18 2 0
github.com/goapt/golib/filesystem/file.go:156.18,158.5 1 0
github.com/goapt/golib/filesystem/file.go:159.9,161.40 1 0
github.com/goapt/golib/filesystem/file.go:165.4,166.18 2 0
github.com/goapt/golib/filesystem/file.go:161.40,162.13 1 0
github.com/goapt/golib/filesystem/file.go:166.18,168.5 1 0
github.com/goapt/golib/filesystem/bytesize.go:23.30,25.2 1 0
github.com/goapt/golib/filesystem/bytesize.go:27.28,29.2 1 0
github.com/goapt/golib/filesystem/bytesize.go:31.37,32.38 1 0
github.com/goapt/golib/filesystem/bytesize.go:33.16,34.46 1 0
github.com/goapt/golib/filesystem/bytesize.go:35.16,36.46 1 0
github.com/goapt/golib/filesystem/bytesize.go:37.16,38.46 1 0
github.com/goapt/golib/filesystem/bytesize.go:39.16,40.46 1 0
github.com/goapt/golib/filesystem/bytesize.go:41.16,42.46 1 0
github.com/goapt/golib/filesystem/bytesize.go:43.10,44.38 1 0
github.com/goapt/golib/filesystem/bytesize.go:48.46,49.12 1 0
github.com/goapt/golib/filesystem/bytesize.go:52.2,53.13 2 0
github.com/goapt/golib/filesystem/bytesize.go:56.2,56.9 1 0
github.com/goapt/golib/filesystem/bytesize.go:49.12,51.3 1 0
github.com/goapt/golib/filesystem/bytesize.go:53.13,55.3 1 0
github.com/goapt/golib/filesystem/bytesize.go:57.19,59.47 2 0
github.com/goapt/golib/filesystem/bytesize.go:60.19,62.47 2 0
github.com/goapt/golib/filesystem/bytesize.go:63.19,65.47 2 0
github.com/goapt/golib/filesystem/bytesize.go:66.19,68.47 2 0
github.com/goapt/golib/filesystem/bytesize.go:69.19,71.47 2 0
github.com/goapt/golib/filesystem/bytesize.go:72.10,73.51 1 0
github.com/goapt/golib/filesystem/bytesize.go:77.50,79.16 2 0
github.com/goapt/golib/filesystem/bytesize.go:82.2,83.12 2 0
github.com/goapt/golib/filesystem/bytesize.go:79.16,81.3 1 0
github.com/goapt/golib/filesystem/bytesize.go:96.37,97.32 1 1
github.com/goapt/golib/filesystem/bytesize.go:101.2,102.20 2 1
github.com/goapt/golib/filesystem/bytesize.go:106.2,110.14 4 1
github.com/goapt/golib/filesystem/bytesize.go:126.2,126.34 1 1
github.com/goapt/golib/filesystem/bytesize.go:139.2,139.18 1 1
github.com/goapt/golib/filesystem/bytesize.go:97.32,99.3 1 1
github.com/goapt/golib/filesystem/bytesize.go:102.20,104.3 1 0
github.com/goapt/golib/filesystem/bytesize.go:111.15,111.15 0 1
github.com/goapt/golib/filesystem/bytesize.go:112.17,113.12 1 1
github.com/goapt/golib/filesystem/bytesize.go:114.17,115.12 1 1
github.com/goapt/golib/filesystem/bytesize.go:116.17,117.12 1 1
github.com/goapt/golib/filesystem/bytesize.go:118.17,119.12 1 1
github.com/goapt/golib/filesystem/bytesize.go:120.17,121.12 1 1
github.com/goapt/golib/filesystem/bytesize.go:122.10,123.31 1 0
github.com/goapt/golib/filesystem/bytesize.go:126.34,128.17 2 1
github.com/goapt/golib/filesystem/bytesize.go:131.3,131.12 1 1
github.com/goapt/golib/filesystem/bytesize.go:128.17,130.4 1 0
github.com/goapt/golib/filesystem/bytesize.go:132.8,134.17 2 1
github.com/goapt/golib/filesystem/bytesize.go:137.3,137.34 1 1
github.com/goapt/golib/filesystem/bytesize.go:134.17,136.4 1 1
github.com/goapt/golib/filesystem/bytesize.go:142.32,144.16 2 1
github.com/goapt/golib/filesystem/bytesize.go:147.2,147.10 1 1
github.com/goapt/golib/filesystem/bytesize.go:144.16,146.3 1 0
github.com/goapt/golib/pagination/pagination.go:12.62,13.20 1 1
github.com/goapt/golib/pagination/pagination.go:16.2,16.18 1 1
github.com/goapt/golib/pagination/pagination.go:19.2,20.32 2 1
github.com/goapt/golib/pagination/pagination.go:23.2,23.10 1 1
github.com/goapt/golib/pagination/pagination.go:13.20,15.3 1 1
github.com/goapt/golib/pagination/pagination.go:16.18,18.3 1 1
github.com/goapt/golib/pagination/pagination.go:20.32,22.3 1 1
github.com/goapt/golib/pagination/pagination.go:27.36,29.2 1 1
github.com/goapt/golib/pagination/pagination.go:32.40,34.2 1 1
github.com/goapt/golib/pagination/pagination.go:36.36,37.22 1 1
github.com/goapt/golib/pagination/pagination.go:40.2,40.22 1 1
github.com/goapt/golib/pagination/pagination.go:37.22,39.3 1 1
github.com/goapt/golib/pagination/pagination.go:44.36,46.2 1 1
github.com/goapt/golib/pagination/pagination.go:48.32,49.18 1 1
github.com/goapt/golib/pagination/pagination.go:52.2,52.22 1 1
github.com/goapt/golib/pagination/pagination.go:49.18,51.3 1 1
github.com/goapt/golib/pagination/pagination.go:56.35,57.18 1 1
github.com/goapt/golib/pagination/pagination.go:60.2,60.60 1 1
github.com/goapt/golib/pagination/pagination.go:57.18,59.3 1 1
github.com/goapt/golib/pagination/pagination.go:64.33,66.2 1 1
github.com/goapt/golib/pagination/pagination.go:69.38,70.18 1 1
github.com/goapt/golib/pagination/pagination.go:73.2,73.30 1 1
github.com/goapt/golib/pagination/pagination.go:76.2,76.32 1 1
github.com/goapt/golib/pagination/pagination.go:70.18,72.3 1 1
github.com/goapt/golib/pagination/pagination.go:73.30,75.3 1 1
github.com/goapt/golib/pagination/pagination.go:80.35,82.2 1 0
github.com/goapt/golib/pagination/pagination.go:85.37,87.2 1 1
github.com/goapt/golib/pagination/pagination.go:95.26,97.2 1 0
github.com/goapt/golib/pagination/pagination.go:99.33,101.2 1 0
github.com/goapt/golib/pagination/pagination.go:103.37,104.21 1 0
github.com/goapt/golib/pagination/pagination.go:107.2,107.23 1 0
github.com/goapt/golib/pagination/pagination.go:104.21,106.3 1 0
github.com/goapt/golib/pagination/pagination.go:112.37,113.21 1 0
github.com/goapt/golib/pagination/pagination.go:121.2,121.34 1 0
github.com/goapt/golib/pagination/pagination.go:129.2,136.31 6 0
github.com/goapt/golib/pagination/pagination.go:139.2,140.40 2 0
github.com/goapt/golib/pagination/pagination.go:146.2,147.19 2 0
github.com/goapt/golib/pagination/pagination.go:153.2,153.40 1 0
github.com/goapt/golib/pagination/pagination.go:158.2,161.20 2 0
github.com/goapt/golib/pagination/pagination.go:165.2,165.17 1 0
github.com/goapt/golib/pagination/pagination.go:170.2,170.35 1 0
github.com/goapt/golib/pagination/pagination.go:174.2,177.32 2 0
github.com/goapt/golib/pagination/pagination.go:181.2,181.14 1 0
github.com/goapt/golib/pagination/pagination.go:113.21,115.3 1 0
github.com/goapt/golib/pagination/pagination.go:115.8,115.51 1 0
github.com/goapt/golib/pagination/pagination.go:115.51,118.3 1 0
github.com/goapt/golib/pagination/pagination.go:121.34,123.24 2 0
github.com/goapt/golib/pagination/pagination.go:126.3,126.15 1 0
github.com/goapt/golib/pagination/pagination.go:123.24,125.4 1 0
github.com/goapt/golib/pagination/pagination.go:136.31,138.3 1 0
github.com/goapt/golib/pagination/pagination.go:140.40,144.3 3 0
github.com/goapt/golib/pagination/pagination.go:147.19,151.3 3 0
github.com/goapt/golib/pagination/pagination.go:153.40,156.3 2 0
github.com/goapt/golib/pagination/pagination.go:161.20,163.3 1 0
github.com/goapt/golib/pagination/pagination.go:165.17,167.3 1 0
github.com/goapt/golib/pagination/pagination.go:170.35,172.3 1 0
github.com/goapt/golib/pagination/pagination.go:177.32,179.3 1 0
github.com/goapt/golib/reflectx/reflect.go:38.54,40.2 1 1
github.com/goapt/golib/reflectx/reflect.go:45.59,46.21 1 1
github.com/goapt/golib/reflectx/reflect.go:50.2,51.26 2 1
github.com/goapt/golib/reflectx/reflect.go:57.2,57.13 1 1
github.com/goapt/golib/reflectx/reflect.go:46.21,48.3 1 1
github.com/goapt/golib/reflectx/reflect.go:51.26,52.57 1 1
github.com/goapt/golib/reflectx/reflect.go:55.3,55.26 1 1
github.com/goapt/golib/reflectx/reflect.go:52.57,54.4 1 1
github.com/goapt/golib/reflectx/reflect.go:73.40,78.2 1 1
github.com/goapt/golib/reflectx/reflect.go:83.88,90.2 1 1
github.com/goapt/golib/reflectx/reflect.go:95.67,101.2 1 1
github.com/goapt/golib/reflectx/reflect.go:105.53,108.9 3 1
github.com/goapt/golib/reflectx/reflect.go:112.2,113.16 2 1
github.com/goapt/golib/reflectx/reflect.go:108.9,111.3 2 1
github.com/goapt/golib/reflectx/reflect.go:118.69,124.36 5 1
github.com/goapt/golib/reflectx/reflect.go:127.2,127.10 1 1
github.com/goapt/golib/reflectx/reflect.go:124.36,126.3 1 1
github.com/goapt/golib/reflectx/reflect.go:133.74,139.9 5 1
github.com/goapt/golib/reflectx/reflect.go:142.2,142.36 1 1
github.com/goapt/golib/reflectx/reflect.go:139.9,141.3 1 1
github.com/goapt/golib/reflectx/reflect.go:148.80,154.29 5 1
github.com/goapt/golib/reflectx/reflect.go:162.2,162.13 1 1
github.com/goapt/golib/reflectx/reflect.go:154.29,156.10 2 1
github.com/goapt/golib/reflectx/reflect.go:156.10,158.4 1 1
github.com/goapt/golib/reflectx/reflect.go:158.9,160.4 1 1
github.com/goapt/golib/reflectx/reflect.go:168.75,170.62 2 1
github.com/goapt/golib/reflectx/reflect.go:179.2,179.10 1 1
github.com/goapt/golib/reflectx/reflect.go:170.62,171.15 1 1
github.com/goapt/golib/reflectx/reflect.go:177.3,177.13 1 1
github.com/goapt/golib/reflectx/reflect.go:171.15,173.4 1 1
github.com/goapt/golib/reflectx/reflect.go:173.9,175.4 1 1
github.com/goapt/golib/reflectx/reflect.go:185.104,189.29 4 1
github.com/goapt/golib/reflectx/reflect.go:201.2,201.12 1 1
github.com/goapt/golib/reflectx/reflect.go:189.29,191.10 2 1
github.com/goapt/golib/reflectx/reflect.go:191.10,192.37 1 1
github.com/goapt/golib/reflectx/reflect.go:192.37,194.5 1 0
github.com/goapt/golib/reflectx/reflect.go:195.9,196.42 1 1
github.com/goapt/golib/reflectx/reflect.go:196.42,198.5 1 0
github.com/goapt/golib/reflectx/reflect.go:206.67,207.28 1 1
github.com/goapt/golib/reflectx/reflect.go:218.2,218.10 1 1
github.com/goapt/golib/reflectx/reflect.go:207.28,210.43 2 1
github.com/goapt/golib/reflectx/reflect.go:214.3,214.43 1 1
github.com/goapt/golib/reflectx/reflect.go:210.43,213.4 2 1
github.com/goapt/golib/reflectx/reflect.go:214.43,216.4 1 1
github.com/goapt/golib/reflectx/reflect.go:224.75,225.28 1 1
github.com/goapt/golib/reflectx/reflect.go:228.2,228.10 1 1
github.com/goapt/golib/reflectx/reflect.go:225.28,227.3 1 1
github.com/goapt/golib/reflectx/reflect.go:232.41,233.29 1 1
github.com/goapt/golib/reflectx/reflect.go:236.2,236.10 1 1
github.com/goapt/golib/reflectx/reflect.go:233.29,235.3 1 1
github.com/goapt/golib/reflectx/reflect.go:247.46,248.34 1 1
github.com/goapt/golib/reflectx/reflect.go:248.34,249.60 1 1
github.com/goapt/golib/reflectx/reflect.go:254.26,257.14 3 1
github.com/goapt/golib/reflectx/reflect.go:260.2,260.17 1 1
github.com/goapt/golib/reflectx/reflect.go:257.14,259.3 1 0
github.com/goapt/golib/reflectx/reflect.go:270.34,275.2 4 1
github.com/goapt/golib/reflectx/reflect.go:283.109,287.20 2 1
github.com/goapt/golib/reflectx/reflect.go:292.2,292.19 1 1
github.com/goapt/golib/reflectx/reflect.go:302.2,302.55 1 1
github.com/goapt/golib/reflectx/reflect.go:307.2,312.23 2 1
github.com/goapt/golib/reflectx/reflect.go:317.2,320.23 3 1
github.com/goapt/golib/reflectx/reflect.go:287.20,289.3 1 1
github.com/goapt/golib/reflectx/reflect.go:292.19,294.3 1 1
github.com/goapt/golib/reflectx/reflect.go:302.55,304.3 1 1
github.com/goapt/golib/reflectx/reflect.go:312.23,314.3 1 1
github.com/goapt/golib/reflectx/reflect.go:324.49,327.20 3 1
github.com/goapt/golib/reflectx/reflect.go:338.2,338.16 1 1
github.com/goapt/golib/reflectx/reflect.go:327.20,328.33 1 1
github.com/goapt/golib/reflectx/reflect.go:328.33,330.34 1 1
github.com/goapt/golib/reflectx/reflect.go:335.4,335.21 1 1
github.com/goapt/golib/reflectx/reflect.go:330.34,333.13 3 1
github.com/goapt/golib/reflectx/reflect.go:343.86,351.22 5 1
github.com/goapt/golib/reflectx/reflect.go:430.2,431.32 2 1
github.com/goapt/golib/reflectx/reflect.go:438.2,438.13 1 1
github.com/goapt/golib/reflectx/reflect.go:351.22,357.49 3 1
github.com/goapt/golib/reflectx/reflect.go:363.3,364.36 2 1
github.com/goapt/golib/reflectx/reflect.go:367.3,370.55 2 1
github.com/goapt/golib/reflectx/reflect.go:357.49,358.40 1 1
github.com/goapt/golib/reflectx/reflect.go:358.40,359.23 1 1
github.com/goapt/golib/reflectx/reflect.go:364.36,366.4 1 1
github.com/goapt/golib/reflectx/reflect.go:370.55,378.19 3 1
github.com/goapt/golib/reflectx/reflect.go:382.4,390.19 2 1
github.com/goapt/golib/reflectx/reflect.go:397.4,397.43 1 1
github.com/goapt/golib/reflectx/reflect.go:402.4,402.19 1 1
github.com/goapt/golib/reflectx/reflect.go:423.4,426.22 4 1
github.com/goapt/golib/reflectx/reflect.go:378.19,379.13 1 1
github.com/goapt/golib/reflectx/reflect.go:390.19,392.5 1 1
github.com/goapt/golib/reflectx/reflect.go:392.10,394.5 1 1
github.com/goapt/golib/reflectx/reflect.go:397.43,398.13 1 1
github.com/goapt/golib/reflectx/reflect.go:402.19,404.18 2 1
github.com/goapt/golib/reflectx/reflect.go:408.5,412.36 5 1
github.com/goapt/golib/reflectx/reflect.go:415.5,416.61 2 1
github.com/goapt/golib/reflectx/reflect.go:404.18,406.6 1 1
github.com/goapt/golib/reflectx/reflect.go:412.36,414.6 1 1
github.com/goapt/golib/reflectx/reflect.go:417.10,417.132 1 1
github.com/goapt/golib/reflectx/reflect.go:417.132,421.5 3 1
github.com/goapt/golib/reflectx/reflect.go:431.32,433.36 2 1
github.com/goapt/golib/reflectx/reflect.go:433.36,435.4 1 1
github.com/goapt/golib/robot/ding/ding_talk.go:39.24,41.2 1 1
github.com/goapt/golib/robot/ding/ding_talk.go:43.40,45.2 1 1
github.com/goapt/golib/robot/ding/ding_talk.go:47.64,56.17 2 1
github.com/goapt/golib/robot/ding/ding_talk.go:62.2,63.16 2 1
github.com/goapt/golib/robot/ding/ding_talk.go:67.2,67.20 1 1
github.com/goapt/golib/robot/ding/ding_talk.go:56.17,60.3 1 0
github.com/goapt/golib/robot/ding/ding_talk.go:63.16,65.3 1 0
github.com/goapt/golib/robot/ding/ding_talk.go:70.40,73.16 3 1
github.com/goapt/golib/robot/ding/ding_talk.go:76.2,78.56 2 1
github.com/goapt/golib/robot/ding/ding_talk.go:90.2,90.12 1 0
github.com/goapt/golib/robot/ding/ding_talk.go:73.16,75.3 1 0
github.com/goapt/golib/robot/ding/ding_talk.go:78.56,81.17 3 1
github.com/goapt/golib/robot/ding/ding_talk.go:85.3,85.23 1 1
github.com/goapt/golib/robot/ding/ding_talk.go:81.17,83.4 1 0
github.com/goapt/golib/robot/ding/ding_talk.go:85.23,87.4 1 1
github.com/goapt/golib/robot/ding/ding_talk.go:93.61,101.17 2 1
github.com/goapt/golib/robot/ding/ding_talk.go:107.2,108.16 2 1
github.com/goapt/golib/robot/ding/ding_talk.go:112.2,112.20 1 1
github.com/goapt/golib/robot/ding/ding_talk.go:101.17,105.3 1 0
github.com/goapt/golib/robot/ding/ding_talk.go:108.16,110.3 1 0
github.com/goapt/golib/robot/ding/ding_talk.go:115.81,128.16 3 1
github.com/goapt/golib/robot/ding/ding_talk.go:132.2,132.20 1 1
github.com/goapt/golib/robot/ding/ding_talk.go:128.16,130.3 1 0
github.com/goapt/golib/robot/ding/ding_talk.go:135.75,138.16 3 1
github.com/goapt/golib/robot/ding/ding_talk.go:141.2,146.16 5 1
github.com/goapt/golib/robot/ding/ding_talk.go:149.2,149.18 1 1
github.com/goapt/golib/robot/ding/ding_talk.go:138.16,140.3 1 0
github.com/goapt/golib/robot/ding/ding_talk.go:146.16,148.3 1 0
github.com/goapt/golib/robot/limited.go:11.91,13.39 2 1
github.com/goapt/golib/robot/limited.go:21.2,22.16 2 1
github.com/goapt/golib/robot/limited.go:26.2,26.12 1 1
github.com/goapt/golib/robot/limited.go:13.39,16.46 2 0
github.com/goapt/golib/robot/limited.go:16.46,18.4 1 0
github.com/goapt/golib/robot/limited.go:22.16,25.3 1 0
github.com/goapt/golib/robot/robot.go:23.33,25.2 1 1
github.com/goapt/golib/robot/robot.go:27.29,28.21 1 0
github.com/goapt/golib/robot/robot.go:28.21,30.3 1 0
github.com/goapt/golib/robot/robot.go:33.47,34.21 1 1
github.com/goapt/golib/robot/robot.go:38.2,38.38 1 1
github.com/goapt/golib/robot/robot.go:34.21,36.3 1 0
github.com/goapt/golib/robot/robot.go:41.55,42.21 1 0
github.com/goapt/golib/robot/robot.go:46.2,46.46 1 0
github.com/goapt/golib/robot/robot.go:42.21,44.3 1 0
github.com/goapt/golib/robot/robot.go:49.70,50.21 1 0
github.com/goapt/golib/robot/robot.go:54.2,54.48 1 0
github.com/goapt/golib/robot/robot.go:50.21,52.3 1 0
github.com/goapt/golib/robot/robot.go:57.39,59.2 1 0
github.com/goapt/golib/stringutil/encoding.go:9.39,11.2 1 0
github.com/goapt/golib/stringutil/encoding.go:14.48,16.2 1 0
github.com/goapt/golib/stringutil/encoding.go:19.39,21.2 1 1
github.com/goapt/golib/stringutil/encoding.go:24.48,26.2 1 1
github.com/goapt/golib/stringutil/strings.go:13.38,15.19 2 1
github.com/goapt/golib/stringutil/strings.go:18.2,18.18 1 1
github.com/goapt/golib/stringutil/strings.go:15.19,17.3 1 1
github.com/goapt/golib/stringutil/strings.go:21.41,27.27 4 1
github.com/goapt/golib/stringutil/strings.go:42.2,42.23 1 1
github.com/goapt/golib/stringutil/strings.go:27.27,28.10 1 1
github.com/goapt/golib/stringutil/strings.go:39.3,39.31 1 1
github.com/goapt/golib/stringutil/strings.go:29.19,31.32 2 1
github.com/goapt/golib/stringutil/strings.go:34.19,36.12 2 1
github.com/goapt/golib/stringutil/strings.go:31.32,33.5 1 1
github.com/goapt/golib/stringutil/strings.go:45.41,47.29 2 1
github.com/goapt/golib/stringutil/strings.go:57.2,57.23 1 1
github.com/goapt/golib/stringutil/strings.go:47.29,48.51 1 1
github.com/goapt/golib/stringutil/strings.go:54.3,54.31 1 1
github.com/goapt/golib/stringutil/strings.go:48.51,49.37 1 1
github.com/goapt/golib/stringutil/strings.go:52.4,52.20 1 1
github.com/goapt/golib/stringutil/strings.go:49.37,51.5 1 1
github.com/goapt/golib/stringutil/strings.go:60.31,62.18 2 1
github.com/goapt/golib/stringutil/strings.go:68.2,68.10 1 0
github.com/goapt/golib/stringutil/strings.go:62.18,64.54 1 1
github.com/goapt/golib/stringutil/strings.go:64.54,66.4 1 1
github.com/goapt/golib/stringutil/strings.go:72.55,74.17 2 1
github.com/goapt/golib/stringutil/strings.go:77.2,78.11 2 1
github.com/goapt/golib/stringutil/strings.go:81.2,81.10 1 1
github.com/goapt/golib/stringutil/strings.go:74.17,76.3 1 0
github.com/goapt/golib/stringutil/strings.go:78.11,80.3 1 1
github.com/goapt/golib/stringutil/strings.go:84.43,87.2 2 1
github.com/goapt/golib/robot/wechat/wechat.go:32.24,34.2 1 1
github.com/goapt/golib/robot/wechat/wechat.go:36.40,38.2 1 1
github.com/goapt/golib/robot/wechat/wechat.go:40.64,48.17 2 1
github.com/goapt/golib/robot/wechat/wechat.go:52.2,53.16 2 1
github.com/goapt/golib/robot/wechat/wechat.go:57.2,57.20 1 1
github.com/goapt/golib/robot/wechat/wechat.go:48.17,50.3 1 0
github.com/goapt/golib/robot/wechat/wechat.go:53.16,55.3 1 0
github.com/goapt/golib/robot/wechat/wechat.go:60.40,63.16 3 1
github.com/goapt/golib/robot/wechat/wechat.go:66.2,68.56 2 1
github.com/goapt/golib/robot/wechat/wechat.go:80.2,80.12 1 0
github.com/goapt/golib/robot/wechat/wechat.go:63.16,65.3 1 0
github.com/goapt/golib/robot/wechat/wechat.go:68.56,71.17 3 1
github.com/goapt/golib/robot/wechat/wechat.go:75.3,75.23 1 1
github.com/goapt/golib/robot/wechat/wechat.go:71.17,73.4 1 0
github.com/goapt/golib/robot/wechat/wechat.go:75.23,77.4 1 1
github.com/goapt/golib/robot/wechat/wechat.go:83.61,91.17 2 1
github.com/goapt/golib/robot/wechat/wechat.go:95.2,96.16 2 1
github.com/goapt/golib/robot/wechat/wechat.go:100.2,100.20 1 1
github.com/goapt/golib/robot/wechat/wechat.go:91.17,93.3 1 0
github.com/goapt/golib/robot/wechat/wechat.go:96.16,98.3 1 0
github.com/goapt/golib/robot/wechat/wechat.go:103.81,105.2 1 0
github.com/goapt/golib/robot/wechat/wechat.go:107.75,110.16 3 1
github.com/goapt/golib/robot/wechat/wechat.go:113.2,118.16 5 1
github.com/goapt/golib/robot/wechat/wechat.go:121.2,121.18 1 1
github.com/goapt/golib/robot/wechat/wechat.go:110.16,112.3 1 0
github.com/goapt/golib/robot/wechat/wechat.go:118.16,120.3 1 0
github.com/goapt/golib/timeutil/time.go:21.20,23.2 1 1
github.com/goapt/golib/timeutil/time.go:25.24,27.2 1 1
github.com/goapt/golib/timeutil/time.go:29.48,31.2 1 1
github.com/goapt/golib/timeutil/time.go:33.52,35.21 2 1
github.com/goapt/golib/timeutil/time.go:39.2,39.48 1 1
github.com/goapt/golib/timeutil/time.go:35.21,37.3 1 0
github.com/goapt/golib/timeutil/time.go:42.40,44.16 2 1
github.com/goapt/golib/timeutil/time.go:47.2,47.10 1 1
github.com/goapt/golib/timeutil/time.go:44.16,45.13 1 1
github.com/goapt/golib/timeutil/time.go:50.44,52.16 2 1
github.com/goapt/golib/timeutil/time.go:55.2,55.10 1 1
github.com/goapt/golib/timeutil/time.go:52.16,53.13 1 1
github.com/goapt/golib/timeutil/time.go:59.68,61.2 1 0
github.com/goapt/golib/timeutil/time.go:64.63,67.2 2 0
github.com/goapt/golib/timeutil/time.go:70.33,72.2 1 1
github.com/goapt/golib/timeutil/time.go:75.45,78.2 2 1
github.com/goapt/golib/timeutil/time.go:80.39,83.2 2 1
github.com/goapt/golib/timeutil/time.go:85.37,88.2 2 1
github.com/goapt/golib/timeutil/time.go:90.37,92.2 1 1
github.com/goapt/golib/timeutil/time.go:94.41,96.2 1 1
github.com/goapt/golib/timeutil/time.go:98.48,100.2 1 1
github.com/goapt/golib/timeutil/time.go:102.32,105.16 2 1
github.com/goapt/golib/timeutil/time.go:108.2,108.17 1 1
github.com/goapt/golib/timeutil/time.go:105.16,107.3 1 0
github.com/goapt/golib/timeutil/time.go:112.54,116.2 3 1
github.com/goapt/golib/timeutil/time.go:118.23,121.2 2 1
github.com/goapt/golib/timeutil/time.go:130.35,133.2 1 1
github.com/goapt/golib/timeutil/time.go:135.83,141.32 2 1
github.com/goapt/golib/timeutil/time.go:154.2,154.10 1 1
github.com/goapt/golib/timeutil/time.go:141.32,146.23 4 1
github.com/goapt/golib/timeutil/time.go:149.3,151.20 3 1
github.com/goapt/golib/timeutil/time.go:146.23,148.4 1 0
github.com/goapt/golib/timeutil/time.go:161.45,163.2 1 1
github.com/goapt/golib/timeutil/time.go:165.55,168.2 2 1
github.com/goapt/golib/number/generator.go:12.13,14.2 1 1
github.com/goapt/golib/number/generator.go:17.35,23.2 4 1
github.com/goapt/golib/number/ring.go:7.34,16.2 3 1
github.com/goapt/golib/number/ring.go:18.41,27.2 3 0
github.com/goapt/golib/number/ring.go:35.30,37.34 2 0
github.com/goapt/golib/number/ring.go:41.2,41.12 1 0
github.com/goapt/golib/number/ring.go:37.34,39.3 1 0
github.com/goapt/golib/number/ring.go:41.12,42.7 1 0
github.com/goapt/golib/number/ring.go:42.7,43.24 1 0
github.com/goapt/golib/number/ring.go:47.4,47.33 1 0
github.com/goapt/golib/number/ring.go:43.24,45.5 1 0
github.com/goapt/golib/number/ring.go:52.23,53.12 1 1
github.com/goapt/golib/number/ring.go:53.12,54.7 1 1
github.com/goapt/golib/number/ring.go:54.7,55.36 1 1
github.com/goapt/golib/number/ring.go:59.4,59.33 1 1
github.com/goapt/golib/number/ring.go:55.36,57.5 1 1
github.com/goapt/golib/number/ring.go:64.27,66.2 1 1
github.com/goapt/golib/number/ring.go:68.27,70.2 1 1
github.com/goapt/golib/number/ring.go:72.28,74.2 1 1
